<?xml version="1.0" encoding="utf-8"?><testsuites name="pytest tests"><testsuite name="pytest" errors="0" failures="0" skipped="0" tests="4" time="0.161" timestamp="2025-10-26T21:41:27.441282+02:00" hostname="SeanMiniPC"><testcase classname="test_settings" name="test_settings_load_from_env" time="0.004" /><testcase classname="test_settings" name="test_settings_defaults" time="0.003" /><testcase classname="test_settings" name="test_settings_singleton" time="0.000" /><testcase classname="test_settings" name="test_settings_creates_valid_driver_config" time="0.003" /></testsuite></testsuites>